<?xml version="1.0" encoding="UTF-8"?>
<!-- Generated by org.testng.reporters.JUnitReportReporter -->
<testsuite hostname="L-INE-CTRSYZ2" failures="0" tests="25" name="com.Runner.RunnerClass$CucumberRunnerTests" time="144.314" errors="2" timestamp="2023-10-05T17:40:02 IST" skipped="0">
  <testcase classname="com.Runner.RunnerClass$CucumberRunnerTests" name="runScenario" time="9.123"/>
  <testcase classname="com.Runner.RunnerClass$CucumberRunnerTests" name="runScenario" time="9.431">
    <error message="element click intercepted: Element &lt;a product-id=&quot;82820&quot; id=&quot;cartadd&quot; class=&quot;add-to-carta&quot; href=&quot;javascript:void(0);&quot; title=&quot;...&quot;&gt;Add to cart&lt;/a&gt; is not clickable at point (655, 470). Other element would receive the click: &lt;div id=&quot;bbiproimgresult&quot; class=&quot;img-zoom-result&quot; style=&quot;background-image: url(&amp;quot;https://buybooksindia.s3.amazonaws.com/2023/products/9781407597447-1679381107.jpg&amp;quot;); background-size: 836.853px 836.853px;&quot;&gt;&lt;/div&gt;
  (Session info: chrome=117.0.5938.134)
Build info: version: &#039;4.12.1&#039;, revision: &#039;8e34639b11&#039;
System info: os.name: &#039;Windows 10&#039;, os.arch: &#039;amd64&#039;, os.version: &#039;10.0&#039;, java.version: &#039;17.0.7&#039;
Driver info: org.openqa.selenium.chrome.ChromeDriver
Command: [0d6daa9feea19046c932537091c3bcc5, clickElement {id=051C294CFD26D3A1DD24D5F882048F09_element_1101}]
Capabilities {acceptInsecureCerts: false, browserName: chrome, browserVersion: 117.0.5938.134, chrome: {chromedriverVersion: 117.0.5938.149 (e3344ddefa1..., userDataDir: C:\Users\shupatil\AppData\L...}, fedcm:accounts: true, goog:chromeOptions: {debuggerAddress: localhost:55301}, networkConnectionEnabled: false, pageLoadStrategy: normal, platformName: windows, proxy: Proxy(), se:cdp: ws://localhost:55301/devtoo..., se:cdpVersion: 117.0.5938.134, setWindowRect: true, strictFileInteractability: false, timeouts: {implicit: 0, pageLoad: 300000, script: 30000}, unhandledPromptBehavior: dismiss and notify, webauthn:extension:credBlob: true, webauthn:extension:largeBlob: true, webauthn:extension:minPinLength: true, webauthn:extension:prf: true, webauthn:virtualAuthenticators: true}
Element: [[ChromeDriver: chrome on windows (0d6daa9feea19046c932537091c3bcc5)] -&gt; id: cartadd]
Session ID: 0d6daa9feea19046c932537091c3bcc5" type="org.openqa.selenium.ElementClickInterceptedException">
      <![CDATA[org.openqa.selenium.ElementClickInterceptedException: element click intercepted: Element <a product-id="82820" id="cartadd" class="add-to-carta" href="javascript:void(0);" title="...">Add to cart</a> is not clickable at point (655, 470). Other element would receive the click: <div id="bbiproimgresult" class="img-zoom-result" style="background-image: url(&quot;https://buybooksindia.s3.amazonaws.com/2023/products/9781407597447-1679381107.jpg&quot;); background-size: 836.853px 836.853px;"></div>
  (Session info: chrome=117.0.5938.134)
Build info: version: '4.12.1', revision: '8e34639b11'
System info: os.name: 'Windows 10', os.arch: 'amd64', os.version: '10.0', java.version: '17.0.7'
Driver info: org.openqa.selenium.chrome.ChromeDriver
Command: [0d6daa9feea19046c932537091c3bcc5, clickElement {id=051C294CFD26D3A1DD24D5F882048F09_element_1101}]
Capabilities {acceptInsecureCerts: false, browserName: chrome, browserVersion: 117.0.5938.134, chrome: {chromedriverVersion: 117.0.5938.149 (e3344ddefa1..., userDataDir: C:\Users\shupatil\AppData\L...}, fedcm:accounts: true, goog:chromeOptions: {debuggerAddress: localhost:55301}, networkConnectionEnabled: false, pageLoadStrategy: normal, platformName: windows, proxy: Proxy(), se:cdp: ws://localhost:55301/devtoo..., se:cdpVersion: 117.0.5938.134, setWindowRect: true, strictFileInteractability: false, timeouts: {implicit: 0, pageLoad: 300000, script: 30000}, unhandledPromptBehavior: dismiss and notify, webauthn:extension:credBlob: true, webauthn:extension:largeBlob: true, webauthn:extension:minPinLength: true, webauthn:extension:prf: true, webauthn:virtualAuthenticators: true}
Element: [[ChromeDriver: chrome on windows (0d6daa9feea19046c932537091c3bcc5)] -> id: cartadd]
Session ID: 0d6daa9feea19046c932537091c3bcc5
at java.base/jdk.internal.reflect.NativeConstructorAccessorImpl.newInstance0(Native Method)
at java.base/jdk.internal.reflect.NativeConstructorAccessorImpl.newInstance(NativeConstructorAccessorImpl.java:77)
at java.base/jdk.internal.reflect.DelegatingConstructorAccessorImpl.newInstance(DelegatingConstructorAccessorImpl.java:45)
at java.base/java.lang.reflect.Constructor.newInstanceWithCaller(Constructor.java:499)
at java.base/java.lang.reflect.Constructor.newInstance(Constructor.java:480)
at org.openqa.selenium.remote.codec.w3c.W3CHttpResponseCodec.createException(W3CHttpResponseCodec.java:200)
at org.openqa.selenium.remote.codec.w3c.W3CHttpResponseCodec.decode(W3CHttpResponseCodec.java:133)
at org.openqa.selenium.remote.codec.w3c.W3CHttpResponseCodec.decode(W3CHttpResponseCodec.java:52)
at org.openqa.selenium.remote.HttpCommandExecutor.execute(HttpCommandExecutor.java:191)
at org.openqa.selenium.remote.service.DriverCommandExecutor.invokeExecute(DriverCommandExecutor.java:196)
at org.openqa.selenium.remote.service.DriverCommandExecutor.execute(DriverCommandExecutor.java:171)
at org.openqa.selenium.remote.RemoteWebDriver.execute(RemoteWebDriver.java:602)
at org.openqa.selenium.remote.RemoteWebElement.execute(RemoteWebElement.java:224)
at org.openqa.selenium.remote.RemoteWebElement.click(RemoteWebElement.java:77)
at jdk.internal.reflect.GeneratedMethodAccessor4.invoke(Unknown Source)
at java.base/jdk.internal.reflect.DelegatingMethodAccessorImpl.invoke(DelegatingMethodAccessorImpl.java:43)
at java.base/java.lang.reflect.Method.invoke(Method.java:568)
at org.openqa.selenium.support.pagefactory.internal.LocatingElementHandler.invoke(LocatingElementHandler.java:51)
at jdk.proxy2/jdk.proxy2.$Proxy42.click(Unknown Source)
at com.Actions.ChildrenActions.addtoCartPoemsRhymes(ChildrenActions.java:94)
at com.StepDefinition.ChildrenPageDefinition.add_to_cart_poem(ChildrenPageDefinition.java:95)
at ✽.add to cart poem(file:///C:/Users/shupatil/eclipse-workspace/BuyBooksIndia/src/test/resources/FeatureFile/children.feature:27)
]]>
    </error>
  </testcase> <!-- runScenario -->
  <testcase classname="com.Runner.RunnerClass$CucumberRunnerTests" name="runScenario" time="5.319"/>
  <testcase classname="com.Runner.RunnerClass$CucumberRunnerTests" name="runScenario" time="13.569"/>
  <testcase classname="com.Runner.RunnerClass$CucumberRunnerTests" name="runScenario" time="3.933"/>
  <testcase classname="com.Runner.RunnerClass$CucumberRunnerTests" name="runScenario" time="5.760"/>
  <testcase classname="com.Runner.RunnerClass$CucumberRunnerTests" name="runScenario" time="6.371"/>
  <testcase classname="com.Runner.RunnerClass$CucumberRunnerTests" name="runScenario" time="3.467"/>
  <testcase classname="com.Runner.RunnerClass$CucumberRunnerTests" name="runScenario" time="2.398"/>
  <testcase classname="com.Runner.RunnerClass$CucumberRunnerTests" name="runScenario" time="7.149"/>
  <testcase classname="com.Runner.RunnerClass$CucumberRunnerTests" name="runScenario" time="2.561"/>
  <testcase classname="com.Runner.RunnerClass$CucumberRunnerTests" name="runScenario" time="1.682"/>
  <testcase classname="com.Runner.RunnerClass$CucumberRunnerTests" name="runScenario" time="6.541"/>
  <testcase classname="com.Runner.RunnerClass$CucumberRunnerTests" name="runScenario" time="3.084"/>
  <testcase classname="com.Runner.RunnerClass$CucumberRunnerTests" name="runScenario" time="2.664"/>
  <testcase classname="com.Runner.RunnerClass$CucumberRunnerTests" name="runScenario" time="2.484"/>
  <testcase classname="com.Runner.RunnerClass$CucumberRunnerTests" name="runScenario" time="5.627"/>
  <testcase classname="com.Runner.RunnerClass$CucumberRunnerTests" name="runScenario" time="18.814"/>
  <testcase classname="com.Runner.RunnerClass$CucumberRunnerTests" name="runScenario" time="3.147"/>
  <testcase classname="com.Runner.RunnerClass$CucumberRunnerTests" name="runScenario" time="4.753">
    <error message="expected:&lt;Invalid OTP&gt; but was:&lt;Account Information&gt;" type="junit.framework.ComparisonFailure">
      <![CDATA[junit.framework.ComparisonFailure: expected:<Invalid OTP> but was:<Account Information>
at junit.framework.Assert.assertEquals(Assert.java:81)
at junit.framework.Assert.assertEquals(Assert.java:87)
at com.StepDefinition.LoginPageDefination.validate_the_user_login(LoginPageDefination.java:50)
at ✽.Validate the User Login(file:///C:/Users/shupatil/eclipse-workspace/BuyBooksIndia/src/test/resources/FeatureFile/Login.feature:8)
]]>
    </error>
  </testcase> <!-- runScenario -->
  <testcase classname="com.Runner.RunnerClass$CucumberRunnerTests" name="runScenario" time="6.964"/>
  <testcase classname="com.Runner.RunnerClass$CucumberRunnerTests" name="runScenario" time="2.655"/>
  <testcase classname="com.Runner.RunnerClass$CucumberRunnerTests" name="runScenario" time="3.652"/>
  <testcase classname="com.Runner.RunnerClass$CucumberRunnerTests" name="runScenario" time="3.877"/>
  <testcase classname="com.Runner.RunnerClass$CucumberRunnerTests" name="runScenario" time="9.289"/>
</testsuite> <!-- com.Runner.RunnerClass$CucumberRunnerTests -->
