<?xml version="1.0" encoding="UTF-8"?>
<!-- Generated by org.testng.reporters.JUnitReportReporter -->
<testsuite hostname="L-INE-CYY4T93" failures="0" tests="9" name="com.Runner.RunnerClass$CucumberRunnerTests" time="58.872" errors="0" timestamp="2023-09-25T22:28:13 IST" skipped="0">
  <testcase classname="com.Runner.RunnerClass$CucumberRunnerTests" name="runScenario" time="6.138"/>
  <testcase classname="com.Runner.RunnerClass$CucumberRunnerTests" name="runScenario" time="20.661"/>
  <testcase classname="com.Runner.RunnerClass$CucumberRunnerTests" name="runScenario" time="7.044"/>
  <testcase classname="com.Runner.RunnerClass$CucumberRunnerTests" name="runScenario" time="6.067"/>
  <testcase classname="com.Runner.RunnerClass$CucumberRunnerTests" name="runScenario" time="6.054"/>
  <testcase classname="com.Runner.RunnerClass$CucumberRunnerTests" name="runScenario" time="5.205"/>
  <testcase classname="com.Runner.RunnerClass$CucumberRunnerTests" name="runScenario" time="2.175"/>
  <testcase classname="com.Runner.RunnerClass$CucumberRunnerTests" name="runScenario" time="2.139"/>
  <testcase classname="com.Runner.RunnerClass$CucumberRunnerTests" name="runScenario" time="3.389"/>
</testsuite> <!-- com.Runner.RunnerClass$CucumberRunnerTests -->
