<?xml version="1.0" encoding="UTF-8"?>
<!-- Generated by org.testng.reporters.JUnitReportReporter -->
<testsuite hostname="L-INE-CYY4T93" failures="0" tests="9" name="com.Runner.RunnerClass$CucumberRunnerTests" time="46.741" errors="0" timestamp="2023-09-25T18:04:37 IST" skipped="0">
  <testcase classname="com.Runner.RunnerClass$CucumberRunnerTests" name="runScenario" time="5.845"/>
  <testcase classname="com.Runner.RunnerClass$CucumberRunnerTests" name="runScenario" time="6.263"/>
  <testcase classname="com.Runner.RunnerClass$CucumberRunnerTests" name="runScenario" time="1.793"/>
  <testcase classname="com.Runner.RunnerClass$CucumberRunnerTests" name="runScenario" time="2.230"/>
  <testcase classname="com.Runner.RunnerClass$CucumberRunnerTests" name="runScenario" time="5.004"/>
  <testcase classname="com.Runner.RunnerClass$CucumberRunnerTests" name="runScenario" time="10.590"/>
  <testcase classname="com.Runner.RunnerClass$CucumberRunnerTests" name="runScenario" time="6.498"/>
  <testcase classname="com.Runner.RunnerClass$CucumberRunnerTests" name="runScenario" time="2.956"/>
  <testcase classname="com.Runner.RunnerClass$CucumberRunnerTests" name="runScenario" time="5.562"/>
</testsuite> <!-- com.Runner.RunnerClass$CucumberRunnerTests -->
