<?xml version="1.0" encoding="UTF-8"?>
<!-- Generated by org.testng.reporters.JUnitReportReporter -->
<testsuite hostname="L-INE-CTRSYZ2" failures="0" tests="25" name="com.Runner.RunnerClass$CucumberRunnerTests" time="116.114" errors="0" timestamp="2023-10-06T12:13:39 IST" skipped="0">
  <testcase classname="com.Runner.RunnerClass$CucumberRunnerTests" name="runScenario" time="4.662"/>
  <testcase classname="com.Runner.RunnerClass$CucumberRunnerTests" name="runScenario" time="1.759"/>
  <testcase classname="com.Runner.RunnerClass$CucumberRunnerTests" name="runScenario" time="3.833"/>
  <testcase classname="com.Runner.RunnerClass$CucumberRunnerTests" name="runScenario" time="2.269"/>
  <testcase classname="com.Runner.RunnerClass$CucumberRunnerTests" name="runScenario" time="3.744"/>
  <testcase classname="com.Runner.RunnerClass$CucumberRunnerTests" name="runScenario" time="3.042"/>
  <testcase classname="com.Runner.RunnerClass$CucumberRunnerTests" name="runScenario" time="4.086"/>
  <testcase classname="com.Runner.RunnerClass$CucumberRunnerTests" name="runScenario" time="6.718"/>
  <testcase classname="com.Runner.RunnerClass$CucumberRunnerTests" name="runScenario" time="1.906"/>
  <testcase classname="com.Runner.RunnerClass$CucumberRunnerTests" name="runScenario" time="4.663"/>
  <testcase classname="com.Runner.RunnerClass$CucumberRunnerTests" name="runScenario" time="6.000"/>
  <testcase classname="com.Runner.RunnerClass$CucumberRunnerTests" name="runScenario" time="1.760"/>
  <testcase classname="com.Runner.RunnerClass$CucumberRunnerTests" name="runScenario" time="18.432"/>
  <testcase classname="com.Runner.RunnerClass$CucumberRunnerTests" name="runScenario" time="1.234"/>
  <testcase classname="com.Runner.RunnerClass$CucumberRunnerTests" name="runScenario" time="1.923"/>
  <testcase classname="com.Runner.RunnerClass$CucumberRunnerTests" name="runScenario" time="2.908"/>
  <testcase classname="com.Runner.RunnerClass$CucumberRunnerTests" name="runScenario" time="2.008"/>
  <testcase classname="com.Runner.RunnerClass$CucumberRunnerTests" name="runScenario" time="4.018"/>
  <testcase classname="com.Runner.RunnerClass$CucumberRunnerTests" name="runScenario" time="2.008"/>
  <testcase classname="com.Runner.RunnerClass$CucumberRunnerTests" name="runScenario" time="10.245"/>
  <testcase classname="com.Runner.RunnerClass$CucumberRunnerTests" name="runScenario" time="2.290"/>
  <testcase classname="com.Runner.RunnerClass$CucumberRunnerTests" name="runScenario" time="9.118"/>
  <testcase classname="com.Runner.RunnerClass$CucumberRunnerTests" name="runScenario" time="7.932"/>
  <testcase classname="com.Runner.RunnerClass$CucumberRunnerTests" name="runScenario" time="2.189"/>
  <testcase classname="com.Runner.RunnerClass$CucumberRunnerTests" name="runScenario" time="7.367"/>
</testsuite> <!-- com.Runner.RunnerClass$CucumberRunnerTests -->
