<?xml version="1.0" encoding="UTF-8"?>
<!-- Generated by org.testng.reporters.JUnitReportReporter -->
<testsuite hostname="L-INE-CTRSYZ2" failures="0" tests="25" name="com.Runner.RunnerClass$CucumberRunnerTests" time="124.105" errors="0" timestamp="2023-10-06T09:59:50 IST" skipped="0">
  <testcase classname="com.Runner.RunnerClass$CucumberRunnerTests" name="runScenario" time="2.335"/>
  <testcase classname="com.Runner.RunnerClass$CucumberRunnerTests" name="runScenario" time="6.393"/>
  <testcase classname="com.Runner.RunnerClass$CucumberRunnerTests" name="runScenario" time="3.104"/>
  <testcase classname="com.Runner.RunnerClass$CucumberRunnerTests" name="runScenario" time="2.096"/>
  <testcase classname="com.Runner.RunnerClass$CucumberRunnerTests" name="runScenario" time="4.952"/>
  <testcase classname="com.Runner.RunnerClass$CucumberRunnerTests" name="runScenario" time="14.375"/>
  <testcase classname="com.Runner.RunnerClass$CucumberRunnerTests" name="runScenario" time="2.064"/>
  <testcase classname="com.Runner.RunnerClass$CucumberRunnerTests" name="runScenario" time="5.166"/>
  <testcase classname="com.Runner.RunnerClass$CucumberRunnerTests" name="runScenario" time="3.001"/>
  <testcase classname="com.Runner.RunnerClass$CucumberRunnerTests" name="runScenario" time="3.814"/>
  <testcase classname="com.Runner.RunnerClass$CucumberRunnerTests" name="runScenario" time="6.013"/>
  <testcase classname="com.Runner.RunnerClass$CucumberRunnerTests" name="runScenario" time="2.905"/>
  <testcase classname="com.Runner.RunnerClass$CucumberRunnerTests" name="runScenario" time="1.541"/>
  <testcase classname="com.Runner.RunnerClass$CucumberRunnerTests" name="runScenario" time="2.367"/>
  <testcase classname="com.Runner.RunnerClass$CucumberRunnerTests" name="runScenario" time="7.270"/>
  <testcase classname="com.Runner.RunnerClass$CucumberRunnerTests" name="runScenario" time="4.291"/>
  <testcase classname="com.Runner.RunnerClass$CucumberRunnerTests" name="runScenario" time="7.012"/>
  <testcase classname="com.Runner.RunnerClass$CucumberRunnerTests" name="runScenario" time="2.275"/>
  <testcase classname="com.Runner.RunnerClass$CucumberRunnerTests" name="runScenario" time="2.183"/>
  <testcase classname="com.Runner.RunnerClass$CucumberRunnerTests" name="runScenario" time="6.384"/>
  <testcase classname="com.Runner.RunnerClass$CucumberRunnerTests" name="runScenario" time="4.373"/>
  <testcase classname="com.Runner.RunnerClass$CucumberRunnerTests" name="runScenario" time="13.044"/>
  <testcase classname="com.Runner.RunnerClass$CucumberRunnerTests" name="runScenario" time="5.507"/>
  <testcase classname="com.Runner.RunnerClass$CucumberRunnerTests" name="runScenario" time="9.203"/>
  <testcase classname="com.Runner.RunnerClass$CucumberRunnerTests" name="runScenario" time="2.437"/>
</testsuite> <!-- com.Runner.RunnerClass$CucumberRunnerTests -->
